{"/home/cesart98/projects/battleship-game/src/gameboard.js": {"path":"/home/cesart98/projects/battleship-game/src/gameboard.js","statementMap":{"0":{"start":{"line":3,"column":8},"end":{"line":5,"column":10}},"1":{"start":{"line":6,"column":8},"end":{"line":6,"column":25}},"2":{"start":{"line":11,"column":32},"end":{"line":11,"column":60}},"3":{"start":{"line":13,"column":8},"end":{"line":17,"column":9}},"4":{"start":{"line":14,"column":12},"end":{"line":16,"column":14}},"5":{"start":{"line":21,"column":8},"end":{"line":28,"column":10}},"6":{"start":{"line":22,"column":36},"end":{"line":22,"column":64}},"7":{"start":{"line":23,"column":34},"end":{"line":23,"column":57}},"8":{"start":{"line":25,"column":12},"end":{"line":27,"column":14}},"9":{"start":{"line":33,"column":28},"end":{"line":33,"column":30}},"10":{"start":{"line":34,"column":8},"end":{"line":38,"column":10}},"11":{"start":{"line":35,"column":12},"end":{"line":37,"column":13}},"12":{"start":{"line":36,"column":16},"end":{"line":36,"column":42}},"13":{"start":{"line":39,"column":8},"end":{"line":39,"column":29}},"14":{"start":{"line":44,"column":35},"end":{"line":46,"column":10}},"15":{"start":{"line":45,"column":12},"end":{"line":45,"column":39}},"16":{"start":{"line":48,"column":8},"end":{"line":50,"column":10}},"17":{"start":{"line":49,"column":12},"end":{"line":49,"column":37}}},"fnMap":{"0":{"name":"(anonymous_0)","decl":{"start":{"line":2,"column":4},"end":{"line":2,"column":5}},"loc":{"start":{"line":2,"column":22},"end":{"line":7,"column":5}},"line":2},"1":{"name":"(anonymous_1)","decl":{"start":{"line":9,"column":4},"end":{"line":9,"column":5}},"loc":{"start":{"line":9,"column":24},"end":{"line":18,"column":5}},"line":9},"2":{"name":"(anonymous_2)","decl":{"start":{"line":20,"column":4},"end":{"line":20,"column":5}},"loc":{"start":{"line":20,"column":29},"end":{"line":30,"column":5}},"line":20},"3":{"name":"(anonymous_3)","decl":{"start":{"line":21,"column":22},"end":{"line":21,"column":23}},"loc":{"start":{"line":21,"column":30},"end":{"line":28,"column":9}},"line":21},"4":{"name":"(anonymous_4)","decl":{"start":{"line":32,"column":4},"end":{"line":32,"column":5}},"loc":{"start":{"line":32,"column":23},"end":{"line":40,"column":5}},"line":32},"5":{"name":"(anonymous_5)","decl":{"start":{"line":34,"column":33},"end":{"line":34,"column":34}},"loc":{"start":{"line":34,"column":56},"end":{"line":38,"column":9}},"line":34},"6":{"name":"(anonymous_6)","decl":{"start":{"line":42,"column":4},"end":{"line":42,"column":5}},"loc":{"start":{"line":42,"column":19},"end":{"line":52,"column":5}},"line":42},"7":{"name":"(anonymous_7)","decl":{"start":{"line":44,"column":59},"end":{"line":44,"column":60}},"loc":{"start":{"line":44,"column":73},"end":{"line":46,"column":9}},"line":44},"8":{"name":"(anonymous_8)","decl":{"start":{"line":48,"column":35},"end":{"line":48,"column":36}},"loc":{"start":{"line":48,"column":49},"end":{"line":50,"column":9}},"line":48}},"branchMap":{"0":{"loc":{"start":{"line":13,"column":8},"end":{"line":17,"column":9}},"type":"if","locations":[{"start":{"line":13,"column":8},"end":{"line":17,"column":9}},{"start":{},"end":{}}],"line":13},"1":{"loc":{"start":{"line":35,"column":12},"end":{"line":37,"column":13}},"type":"if","locations":[{"start":{"line":35,"column":12},"end":{"line":37,"column":13}},{"start":{},"end":{}}],"line":35},"2":{"loc":{"start":{"line":35,"column":16},"end":{"line":35,"column":71}},"type":"binary-expr","locations":[{"start":{"line":35,"column":16},"end":{"line":35,"column":40}},{"start":{"line":35,"column":44},"end":{"line":35,"column":71}}],"line":35}},"s":{"0":2,"1":2,"2":1,"3":1,"4":1,"5":1,"6":5,"7":5,"8":5,"9":2,"10":2,"11":200,"12":0,"13":2,"14":0,"15":0,"16":0,"17":0},"f":{"0":2,"1":1,"2":1,"3":5,"4":2,"5":200,"6":0,"7":0,"8":0},"b":{"0":[1,0],"1":[0,200],"2":[200,1]},"_coverageSchema":"1a1c01bbd47fc00a2c39e90264f33305004495a9","hash":"7ad8630e02e7d02765655750cfa0890620dec236"}
,"/home/cesart98/projects/battleship-game/src/ship-factory.js": {"path":"/home/cesart98/projects/battleship-game/src/ship-factory.js","statementMap":{"0":{"start":{"line":3,"column":8},"end":{"line":5,"column":10}},"1":{"start":{"line":6,"column":8},"end":{"line":6,"column":25}},"2":{"start":{"line":10,"column":8},"end":{"line":14,"column":10}},"3":{"start":{"line":11,"column":12},"end":{"line":13,"column":13}},"4":{"start":{"line":12,"column":16},"end":{"line":12,"column":51}},"5":{"start":{"line":18,"column":31},"end":{"line":21,"column":10}},"6":{"start":{"line":19,"column":34},"end":{"line":19,"column":60}},"7":{"start":{"line":20,"column":12},"end":{"line":20,"column":68}},"8":{"start":{"line":23,"column":8},"end":{"line":23,"column":42}},"9":{"start":{"line":27,"column":8},"end":{"line":29,"column":10}},"10":{"start":{"line":28,"column":12},"end":{"line":28,"column":35}}},"fnMap":{"0":{"name":"(anonymous_0)","decl":{"start":{"line":2,"column":4},"end":{"line":2,"column":5}},"loc":{"start":{"line":2,"column":30},"end":{"line":7,"column":5}},"line":2},"1":{"name":"(anonymous_1)","decl":{"start":{"line":9,"column":4},"end":{"line":9,"column":5}},"loc":{"start":{"line":9,"column":24},"end":{"line":15,"column":5}},"line":9},"2":{"name":"(anonymous_2)","decl":{"start":{"line":10,"column":31},"end":{"line":10,"column":32}},"loc":{"start":{"line":10,"column":52},"end":{"line":14,"column":9}},"line":10},"3":{"name":"(anonymous_3)","decl":{"start":{"line":17,"column":4},"end":{"line":17,"column":5}},"loc":{"start":{"line":17,"column":23},"end":{"line":24,"column":5}},"line":17},"4":{"name":"(anonymous_4)","decl":{"start":{"line":18,"column":50},"end":{"line":18,"column":51}},"loc":{"start":{"line":18,"column":73},"end":{"line":21,"column":9}},"line":18},"5":{"name":"(anonymous_5)","decl":{"start":{"line":26,"column":4},"end":{"line":26,"column":5}},"loc":{"start":{"line":26,"column":13},"end":{"line":30,"column":5}},"line":26},"6":{"name":"(anonymous_6)","decl":{"start":{"line":27,"column":29},"end":{"line":27,"column":30}},"loc":{"start":{"line":27,"column":41},"end":{"line":29,"column":9}},"line":27}},"branchMap":{"0":{"loc":{"start":{"line":11,"column":12},"end":{"line":13,"column":13}},"type":"if","locations":[{"start":{"line":11,"column":12},"end":{"line":13,"column":13}},{"start":{},"end":{}}],"line":11}},"s":{"0":3,"1":3,"2":2,"3":10,"4":2,"5":2,"6":10,"7":10,"8":2,"9":2,"10":2},"f":{"0":3,"1":2,"2":10,"3":2,"4":10,"5":2,"6":2},"b":{"0":[2,8]},"_coverageSchema":"1a1c01bbd47fc00a2c39e90264f33305004495a9","hash":"f33b7928210b801aced527abf0b825848ce435c9"}
}
