TN:
SF:src/gameboard.js
FN:2,(anonymous_0)
FN:9,(anonymous_1)
FN:20,(anonymous_2)
FN:21,(anonymous_3)
FN:32,(anonymous_4)
FN:34,(anonymous_5)
FN:42,(anonymous_6)
FN:44,(anonymous_7)
FN:48,(anonymous_8)
FNF:9
FNH:6
FNDA:2,(anonymous_0)
FNDA:1,(anonymous_1)
FNDA:1,(anonymous_2)
FNDA:5,(anonymous_3)
FNDA:2,(anonymous_4)
FNDA:200,(anonymous_5)
FNDA:0,(anonymous_6)
FNDA:0,(anonymous_7)
FNDA:0,(anonymous_8)
DA:3,2
DA:6,2
DA:11,1
DA:13,1
DA:14,1
DA:21,1
DA:22,5
DA:23,5
DA:25,5
DA:33,2
DA:34,2
DA:35,200
DA:36,0
DA:39,2
DA:44,0
DA:45,0
DA:48,0
DA:49,0
LF:18
LH:13
BRDA:13,0,0,1
BRDA:13,0,1,0
BRDA:35,1,0,0
BRDA:35,1,1,200
BRDA:35,2,0,200
BRDA:35,2,1,1
BRF:6
BRH:4
end_of_record
TN:
SF:src/ship-factory.js
FN:2,(anonymous_0)
FN:9,(anonymous_1)
FN:10,(anonymous_2)
FN:17,(anonymous_3)
FN:18,(anonymous_4)
FN:26,(anonymous_5)
FN:27,(anonymous_6)
FNF:7
FNH:7
FNDA:3,(anonymous_0)
FNDA:2,(anonymous_1)
FNDA:10,(anonymous_2)
FNDA:2,(anonymous_3)
FNDA:10,(anonymous_4)
FNDA:2,(anonymous_5)
FNDA:2,(anonymous_6)
DA:3,3
DA:6,3
DA:10,2
DA:11,10
DA:12,2
DA:18,2
DA:19,10
DA:20,10
DA:23,2
DA:27,2
DA:28,2
LF:11
LH:11
BRDA:11,0,0,2
BRDA:11,0,1,8
BRF:2
BRH:2
end_of_record
