TN:
SF:src/gameboard.js
FN:2,(anonymous_0)
FN:14,(anonymous_1)
FN:26,(anonymous_2)
FN:28,(anonymous_3)
FN:40,(anonymous_4)
FN:42,(anonymous_5)
FN:52,(anonymous_6)
FN:54,(anonymous_7)
FN:58,(anonymous_8)
FNF:9
FNH:3
FNDA:1,(anonymous_0)
FNDA:0,(anonymous_1)
FNDA:0,(anonymous_2)
FNDA:0,(anonymous_3)
FNDA:1,(anonymous_4)
FNDA:100,(anonymous_5)
FNDA:0,(anonymous_6)
FNDA:0,(anonymous_7)
FNDA:0,(anonymous_8)
DA:3,1
DA:4,1
DA:5,100
DA:11,1
DA:16,0
DA:18,0
DA:19,0
DA:20,0
DA:21,0
DA:22,0
DA:28,0
DA:30,0
DA:31,0
DA:33,0
DA:34,0
DA:35,0
DA:41,1
DA:42,1
DA:44,100
DA:45,0
DA:49,1
DA:54,0
DA:55,0
DA:58,0
DA:59,0
LF:25
LH:8
BRDA:18,0,0,0
BRDA:18,0,1,0
BRDA:20,1,0,0
BRDA:20,1,1,0
BRDA:33,2,0,0
BRDA:33,2,1,0
BRDA:44,3,0,0
BRDA:44,3,1,100
BRDA:44,4,0,100
BRDA:44,4,1,0
BRF:10
BRH:2
end_of_record
TN:
SF:src/ship-factory.js
FN:2,(anonymous_0)
FN:9,(anonymous_1)
FN:10,(anonymous_2)
FN:17,(anonymous_3)
FN:18,(anonymous_4)
FN:26,(anonymous_5)
FN:27,(anonymous_6)
FNF:7
FNH:7
FNDA:2,(anonymous_0)
FNDA:1,(anonymous_1)
FNDA:5,(anonymous_2)
FNDA:1,(anonymous_3)
FNDA:5,(anonymous_4)
FNDA:2,(anonymous_5)
FNDA:2,(anonymous_6)
DA:3,2
DA:6,2
DA:10,1
DA:11,5
DA:12,1
DA:18,1
DA:19,5
DA:20,5
DA:23,1
DA:27,2
DA:28,2
LF:11
LH:11
BRDA:11,0,0,1
BRDA:11,0,1,4
BRF:2
BRH:2
end_of_record
